Determining if the pthread_create exist failed with the following output:
Change Dir: /home/matti/DT-Template/build/CMakeFiles/CMakeTmp

Run Build Command:"/usr/bin/make" "cmTC_eddbd/fast"
/usr/bin/make -f CMakeFiles/cmTC_eddbd.dir/build.make CMakeFiles/cmTC_eddbd.dir/build
make[1]: Entering directory '/home/matti/DT-Template/build/CMakeFiles/CMakeTmp'
Building C object CMakeFiles/cmTC_eddbd.dir/CheckSymbolExists.c.o
/usr/bin/cc    -o CMakeFiles/cmTC_eddbd.dir/CheckSymbolExists.c.o   -c /home/matti/DT-Template/build/CMakeFiles/CMakeTmp/CheckSymbolExists.c
Linking C executable cmTC_eddbd
/usr/bin/cmake -E cmake_link_script CMakeFiles/cmTC_eddbd.dir/link.txt --verbose=1
/usr/bin/cc      -rdynamic CMakeFiles/cmTC_eddbd.dir/CheckSymbolExists.c.o  -o cmTC_eddbd 
CMakeFiles/cmTC_eddbd.dir/CheckSymbolExists.c.o: In function `main':
CheckSymbolExists.c:(.text+0x1b): undefined reference to `pthread_create'
collect2: error: ld returned 1 exit status
CMakeFiles/cmTC_eddbd.dir/build.make:97: recipe for target 'cmTC_eddbd' failed
make[1]: *** [cmTC_eddbd] Error 1
make[1]: Leaving directory '/home/matti/DT-Template/build/CMakeFiles/CMakeTmp'
Makefile:126: recipe for target 'cmTC_eddbd/fast' failed
make: *** [cmTC_eddbd/fast] Error 2

File /home/matti/DT-Template/build/CMakeFiles/CMakeTmp/CheckSymbolExists.c:
/* */
#include <pthread.h>

int main(int argc, char** argv)
{
  (void)argv;
#ifndef pthread_create
  return ((int*)(&pthread_create))[argc];
#else
  (void)argc;
  return 0;
#endif
}

Determining if the function pthread_create exists in the pthreads failed with the following output:
Change Dir: /home/matti/DT-Template/build/CMakeFiles/CMakeTmp

Run Build Command:"/usr/bin/make" "cmTC_e06ee/fast"
/usr/bin/make -f CMakeFiles/cmTC_e06ee.dir/build.make CMakeFiles/cmTC_e06ee.dir/build
make[1]: Entering directory '/home/matti/DT-Template/build/CMakeFiles/CMakeTmp'
Building C object CMakeFiles/cmTC_e06ee.dir/CheckFunctionExists.c.o
/usr/bin/cc   -DCHECK_FUNCTION_EXISTS=pthread_create   -o CMakeFiles/cmTC_e06ee.dir/CheckFunctionExists.c.o   -c /usr/share/cmake-3.10/Modules/CheckFunctionExists.c
Linking C executable cmTC_e06ee
/usr/bin/cmake -E cmake_link_script CMakeFiles/cmTC_e06ee.dir/link.txt --verbose=1
/usr/bin/cc  -DCHECK_FUNCTION_EXISTS=pthread_create    -rdynamic CMakeFiles/cmTC_e06ee.dir/CheckFunctionExists.c.o  -o cmTC_e06ee -lpthreads 
/usr/bin/ld: cannot find -lpthreads
collect2: error: ld returned 1 exit status
CMakeFiles/cmTC_e06ee.dir/build.make:97: recipe for target 'cmTC_e06ee' failed
make[1]: *** [cmTC_e06ee] Error 1
make[1]: Leaving directory '/home/matti/DT-Template/build/CMakeFiles/CMakeTmp'
Makefile:126: recipe for target 'cmTC_e06ee/fast' failed
make: *** [cmTC_e06ee/fast] Error 2


